
///////////////////////////////////
// Efinity Synthesis Started 
// Jun 21, 2024 11:56:33
///////////////////////////////////

[EFX-0011 VERI-WARNING] port 'probe31' remains unconnected for this instance (VERI-1927) (/home/efx/hdd/efinity_company_projects/c4ff9f63ee/work_dbg/debug_top.v:224)
[EFX-0011 VERI-WARNING] actual bit length 32 differs from formal bit length 1 for port 'trigger_in' (VERI-1330) (/home/efx/hdd/efinity_company_projects/c4ff9f63ee/work_dbg/debug_top.v:4499)
[EFX-0011 VERI-WARNING] input port 'probe31[0]' remains unconnected for this instance (VDB-1053) (/home/efx/hdd/efinity_company_projects/c4ff9f63ee/work_dbg/debug_top.v:173)
[EFX-0200 WARNING] Removing redundant signal : compared_in[0]. (/home/efx/hdd/efinity_company_projects/c4ff9f63ee/work_dbg/debug_top.v:5594)
[EFX-0200 WARNING] Removing redundant signal : mask_in[0]. (/home/efx/hdd/efinity_company_projects/c4ff9f63ee/work_dbg/debug_top.v:5595)
[EFX-0200 WARNING] Removing redundant signal : trigger_in. (/home/efx/hdd/efinity_company_projects/c4ff9f63ee/work_dbg/debug_top.v:5805)
[EFX-0200 WARNING] Removing redundant signal : trigger_in. (/home/efx/hdd/efinity_company_projects/c4ff9f63ee/work_dbg/debug_top.v:5805)
[EFX-0200 WARNING] Removing redundant signal : din[343]. (/home/efx/hdd/efinity_company_projects/c4ff9f63ee/work_dbg/debug_top.v:4697)
[EFX-0200 WARNING] Removing redundant signal : trig_out. (/home/efx/hdd/efinity_company_projects/c4ff9f63ee/work_dbg/debug_top.v:4976)
[EFX-0200 WARNING] Removing redundant signal : trig_out_ack. (/home/efx/hdd/efinity_company_projects/c4ff9f63ee/work_dbg/debug_top.v:4977)
[EFX-0266 WARNING] Module Instance 'genblk2.global_capture_inst' input pin tied to constant (trigger_in=0).
[EFX-0200 WARNING] Removing redundant signal : bscan_DRCK. (/home/efx/hdd/efinity_company_projects/c4ff9f63ee/work_dbg/debug_top.v:1130)
[EFX-0200 WARNING] Removing redundant signal : bscan_RUNTEST. (/home/efx/hdd/efinity_company_projects/c4ff9f63ee/work_dbg/debug_top.v:1132)
[EFX-0200 WARNING] Removing redundant signal : bscan_SEL. (/home/efx/hdd/efinity_company_projects/c4ff9f63ee/work_dbg/debug_top.v:1133)
[EFX-0200 WARNING] Removing redundant signal : bscan_TMS. (/home/efx/hdd/efinity_company_projects/c4ff9f63ee/work_dbg/debug_top.v:1137)
[EFX-0200 WARNING] Removing redundant signal : trig_in_ack. (/home/efx/hdd/efinity_company_projects/c4ff9f63ee/work_dbg/debug_top.v:1148)
[EFX-0200 WARNING] Removing redundant signal : bscan_CAPTURE. (/home/efx/hdd/efinity_company_projects/c4ff9f63ee/work_dbg/debug_top.v:381)
[EFX-0200 WARNING] Removing redundant signal : bscan_DRCK. (/home/efx/hdd/efinity_company_projects/c4ff9f63ee/work_dbg/debug_top.v:382)
[EFX-0200 WARNING] Removing redundant signal : bscan_RUNTEST. (/home/efx/hdd/efinity_company_projects/c4ff9f63ee/work_dbg/debug_top.v:384)
[EFX-0200 WARNING] Removing redundant signal : bscan_TMS. (/home/efx/hdd/efinity_company_projects/c4ff9f63ee/work_dbg/debug_top.v:389)
[EFX-0266 WARNING] Module Instance 'la0' input pin tied to constant (trig_in=0).
[EFX-0266 WARNING] Module Instance 'la0' input pin tied to constant (trig_out_ack=0).
[EFX-0201 WARNING] Re-wiring to GND non-driven net 'la0.probe31[0]'. (/home/efx/hdd/efinity_company_projects/c4ff9f63ee/work_dbg/debug_top.v:173)
[EFX-0201 WARNING] Re-wiring to GND non-driven net 'la0.probe32[0]'. (/home/efx/hdd/efinity_company_projects/c4ff9f63ee/work_dbg/debug_top.v:173)
[EFX-0201 WARNING] Re-wiring to GND non-driven net 'la0.probe33[0]'. (/home/efx/hdd/efinity_company_projects/c4ff9f63ee/work_dbg/debug_top.v:173)
[EFX-0201 WARNING] Re-wiring to GND non-driven net 'la0.probe34[0]'. (/home/efx/hdd/efinity_company_projects/c4ff9f63ee/work_dbg/debug_top.v:173)
[EFX-0201 WARNING] Re-wiring to GND non-driven net 'la0.probe35[0]'. (/home/efx/hdd/efinity_company_projects/c4ff9f63ee/work_dbg/debug_top.v:173)
[EFX-0201 WARNING] Re-wiring to GND non-driven net 'la0.probe36[0]'. (/home/efx/hdd/efinity_company_projects/c4ff9f63ee/work_dbg/debug_top.v:173)
[EFX-0201 WARNING] Re-wiring to GND non-driven net 'la0.probe37[0]'. (/home/efx/hdd/efinity_company_projects/c4ff9f63ee/work_dbg/debug_top.v:173)
[EFX-0201 WARNING] Re-wiring to GND non-driven net 'la0.probe38[0]'. (/home/efx/hdd/efinity_company_projects/c4ff9f63ee/work_dbg/debug_top.v:173)
[EFX-0201 WARNING] Re-wiring to GND non-driven net 'la0.probe39[0]'. (/home/efx/hdd/efinity_company_projects/c4ff9f63ee/work_dbg/debug_top.v:173)
[EFX-0201 WARNING] Re-wiring to GND non-driven net 'la0.probe40[0]'. (/home/efx/hdd/efinity_company_projects/c4ff9f63ee/work_dbg/debug_top.v:173)
[EFX-0011 VERI-WARNING] Input/Inout Port bscan_DRCK is unconnected and will be removed 
[EFX-0011 VERI-WARNING] Input/Inout Port bscan_RUNTEST is unconnected and will be removed 
[EFX-0011 VERI-WARNING] Input/Inout Port bscan_TMS is unconnected and will be removed 

///////////////////////////////////
// Efinity Synthesis Started 
// Jun 21, 2024 11:57:24
///////////////////////////////////

[EFX-0200 WARNING] Removing redundant signal : bit_xor. (/home/efx/hdd/efinity_company_projects/c4ff9f63ee/ip/phy_FIFO/phy_FIFO.v:312)
[EFX-0200 WARNING] Removing redundant signal : bit_xor.nex_bit[31]. (/home/efx/hdd/efinity_company_projects/c4ff9f63ee/ip/phy_FIFO/phy_FIFO.v:313)
[EFX-0200 WARNING] Removing redundant signal : bit_xor.nex_bit[30]. (/home/efx/hdd/efinity_company_projects/c4ff9f63ee/ip/phy_FIFO/phy_FIFO.v:313)
[EFX-0200 WARNING] Removing redundant signal : bit_xor.nex_bit[29]. (/home/efx/hdd/efinity_company_projects/c4ff9f63ee/ip/phy_FIFO/phy_FIFO.v:313)
[EFX-0200 WARNING] Removing redundant signal : bit_xor.nex_bit[28]. (/home/efx/hdd/efinity_company_projects/c4ff9f63ee/ip/phy_FIFO/phy_FIFO.v:313)
[EFX-0200 WARNING] Removing redundant signal : bit_xor.nex_bit[27]. (/home/efx/hdd/efinity_company_projects/c4ff9f63ee/ip/phy_FIFO/phy_FIFO.v:313)
[EFX-0200 WARNING] Removing redundant signal : bit_xor.nex_bit[26]. (/home/efx/hdd/efinity_company_projects/c4ff9f63ee/ip/phy_FIFO/phy_FIFO.v:313)
[EFX-0200 WARNING] Removing redundant signal : bit_xor.nex_bit[25]. (/home/efx/hdd/efinity_company_projects/c4ff9f63ee/ip/phy_FIFO/phy_FIFO.v:313)
[EFX-0200 WARNING] Removing redundant signal : bit_xor.nex_bit[24]. (/home/efx/hdd/efinity_company_projects/c4ff9f63ee/ip/phy_FIFO/phy_FIFO.v:313)
[EFX-0200 WARNING] Removing redundant signal : bit_xor.nex_bit[23]. (/home/efx/hdd/efinity_company_projects/c4ff9f63ee/ip/phy_FIFO/phy_FIFO.v:313)
[EFX-0200 WARNING] Removing redundant signal : bit_xor.nex_bit[22]. (/home/efx/hdd/efinity_company_projects/c4ff9f63ee/ip/phy_FIFO/phy_FIFO.v:313)
[EFX-0200 WARNING] Removing redundant signal : bit_xor.nex_bit[21]. (/home/efx/hdd/efinity_company_projects/c4ff9f63ee/ip/phy_FIFO/phy_FIFO.v:313)
[EFX-0200 WARNING] Removing redundant signal : bit_xor.nex_bit[20]. (/home/efx/hdd/efinity_company_projects/c4ff9f63ee/ip/phy_FIFO/phy_FIFO.v:313)
[EFX-0200 WARNING] Removing redundant signal : bit_xor.nex_bit[19]. (/home/efx/hdd/efinity_company_projects/c4ff9f63ee/ip/phy_FIFO/phy_FIFO.v:313)
[EFX-0200 WARNING] Removing redundant signal : bit_xor.nex_bit[18]. (/home/efx/hdd/efinity_company_projects/c4ff9f63ee/ip/phy_FIFO/phy_FIFO.v:313)
[EFX-0200 WARNING] Removing redundant signal : bit_xor.nex_bit[17]. (/home/efx/hdd/efinity_company_projects/c4ff9f63ee/ip/phy_FIFO/phy_FIFO.v:313)
[EFX-0200 WARNING] Removing redundant signal : bit_xor.nex_bit[16]. (/home/efx/hdd/efinity_company_projects/c4ff9f63ee/ip/phy_FIFO/phy_FIFO.v:313)
[EFX-0200 WARNING] Removing redundant signal : bit_xor.nex_bit[15]. (/home/efx/hdd/efinity_company_projects/c4ff9f63ee/ip/phy_FIFO/phy_FIFO.v:313)
[EFX-0200 WARNING] Removing redundant signal : bit_xor.nex_bit[14]. (/home/efx/hdd/efinity_company_projects/c4ff9f63ee/ip/phy_FIFO/phy_FIFO.v:313)
[EFX-0200 WARNING] Removing redundant signal : bit_xor.nex_bit[13]. (/home/efx/hdd/efinity_company_projects/c4ff9f63ee/ip/phy_FIFO/phy_FIFO.v:313)
[EFX-0201 WARNING] Re-wiring to GND non-driven net 'u_efx_fifo_top.a_wr_rst_i'. (/home/efx/hdd/efinity_company_projects/c4ff9f63ee/ip/phy_FIFO/phy_FIFO.v:89)
[EFX-0201 WARNING] Re-wiring to GND non-driven net 'u_efx_fifo_top.a_rd_rst_i'. (/home/efx/hdd/efinity_company_projects/c4ff9f63ee/ip/phy_FIFO/phy_FIFO.v:89)
[EFX-0201 WARNING] Re-wiring to GND non-driven net 'u_efx_fifo_top.clk_i'. (/home/efx/hdd/efinity_company_projects/c4ff9f63ee/ip/phy_FIFO/phy_FIFO.v:89)
[EFX-0201 WARNING] Re-wiring to GND non-driven net 'ws_wr_fifo_config.a_rst_i'. (/home/efx/hdd/efinity_company_projects/c4ff9f63ee/WS2812_TOP.v:67)
[EFX-0201 WARNING] Re-wiring to GND non-driven net 'ws_wr_fifo_data.a_rst_i'. (/home/efx/hdd/efinity_company_projects/c4ff9f63ee/WS2812_TOP.v:77)
[EFX-0201 WARNING] Re-wiring to GND non-driven net 'wsctrl.reset'. (/home/efx/hdd/efinity_company_projects/c4ff9f63ee/WS2812_TOP.v:99)
[EFX-0656 WARNING] Optimizing into logic zero initialized read-only memory block 'led_reg'. (/home/efx/hdd/efinity_company_projects/c4ff9f63ee/WS2812_bram.v:18)
