
///////////////////////////////////
// Efinity Synthesis Started 
// Jun 21, 2024 11:56:22
///////////////////////////////////

[EFX-0034 WARNING] Project XML file specified. Source files specified in the command line are ignored.
[EFX-0011 VERI-WARNING] parameter 's_IDLE' becomes localparam in 'test_uart_rx' with formal parameter declaration list (VERI-1199) (/home/efx/hdd/efinity_company_projects/c4ff9f63ee/test_uart_rx.v:10)
[EFX-0011 VERI-WARNING] parameter 's_RX_START_BIT' becomes localparam in 'test_uart_rx' with formal parameter declaration list (VERI-1199) (/home/efx/hdd/efinity_company_projects/c4ff9f63ee/test_uart_rx.v:11)
[EFX-0011 VERI-WARNING] parameter 's_RX_DATA_BITS' becomes localparam in 'test_uart_rx' with formal parameter declaration list (VERI-1199) (/home/efx/hdd/efinity_company_projects/c4ff9f63ee/test_uart_rx.v:12)
[EFX-0011 VERI-WARNING] parameter 's_RX_STOP_BIT' becomes localparam in 'test_uart_rx' with formal parameter declaration list (VERI-1199) (/home/efx/hdd/efinity_company_projects/c4ff9f63ee/test_uart_rx.v:13)
[EFX-0011 VERI-WARNING] parameter 's_CLEANUP' becomes localparam in 'test_uart_rx' with formal parameter declaration list (VERI-1199) (/home/efx/hdd/efinity_company_projects/c4ff9f63ee/test_uart_rx.v:14)
[EFX-0011 VERI-WARNING] port 'almost_full_o' remains unconnected for this instance (VERI-1927) (/home/efx/hdd/efinity_company_projects/c4ff9f63ee/WS2812_TOP.v:75)
[EFX-0011 VERI-WARNING] port 'a_rst_i' is not connected on this instance (VERI-2435) (/home/efx/hdd/efinity_company_projects/c4ff9f63ee/WS2812_TOP.v:75)
[EFX-0011 VERI-WARNING] port 'almost_full_o' remains unconnected for this instance (VERI-1927) (/home/efx/hdd/efinity_company_projects/c4ff9f63ee/WS2812_TOP.v:85)
[EFX-0011 VERI-WARNING] port 'a_rst_i' is not connected on this instance (VERI-2435) (/home/efx/hdd/efinity_company_projects/c4ff9f63ee/WS2812_TOP.v:85)
[EFX-0011 VERI-WARNING] port 'reset' remains unconnected for this instance (VERI-1927) (/home/efx/hdd/efinity_company_projects/c4ff9f63ee/WS2812_TOP.v:109)
[EFX-0011 VERI-WARNING] expression size 12 truncated to fit in target size 11 (VERI-1209) (/home/efx/hdd/efinity_company_projects/c4ff9f63ee/test_uart_rx.v:53)
[EFX-0011 VERI-WARNING] expression size 12 truncated to fit in target size 11 (VERI-1209) (/home/efx/hdd/efinity_company_projects/c4ff9f63ee/test_uart_rx.v:60)
[EFX-0011 VERI-WARNING] expression size 4 truncated to fit in target size 3 (VERI-1209) (/home/efx/hdd/efinity_company_projects/c4ff9f63ee/test_uart_rx.v:68)
[EFX-0011 VERI-WARNING] expression size 12 truncated to fit in target size 11 (VERI-1209) (/home/efx/hdd/efinity_company_projects/c4ff9f63ee/test_uart_rx.v:81)
[EFX-0011 VERI-WARNING] expression size 9 truncated to fit in target size 8 (VERI-1209) (/home/efx/hdd/efinity_company_projects/c4ff9f63ee/test_uart_rx.v:101)
[EFX-0011 VERI-WARNING] net 'r_Rx_Byte[8]' does not have a driver (VDB-1002) (/home/efx/hdd/efinity_company_projects/c4ff9f63ee/test_uart_rx.v:21)
[EFX-0011 VERI-WARNING] port 'a_wr_rst_i' remains unconnected for this instance (VERI-1927) (/home/efx/hdd/efinity_company_projects/c4ff9f63ee/ip/phy_FIFO/phy_FIFO.v:109)
[EFX-0011 VERI-WARNING] expression size 32 truncated to fit in target size 10 (VERI-1209) (/home/efx/hdd/efinity_company_projects/c4ff9f63ee/ip/phy_FIFO/phy_FIFO.v:1276)
[EFX-0011 VERI-WARNING] expression size 32 truncated to fit in target size 10 (VERI-1209) (/home/efx/hdd/efinity_company_projects/c4ff9f63ee/ip/phy_FIFO/phy_FIFO.v:1277)
[EFX-0011 VERI-WARNING] actual bit length 9 differs from formal bit length 10 for port 'wr_datacount_o' (VERI-1330) (/home/efx/hdd/efinity_company_projects/c4ff9f63ee/ip/phy_FIFO/phy_FIFO.v:104)
[EFX-0011 VERI-WARNING] actual bit length 9 differs from formal bit length 10 for port 'rd_datacount_o' (VERI-1330) (/home/efx/hdd/efinity_company_projects/c4ff9f63ee/ip/phy_FIFO/phy_FIFO.v:107)
[EFX-0011 VERI-WARNING] input port 'a_wr_rst_i' is not connected on this instance (VDB-1013) (/home/efx/hdd/efinity_company_projects/c4ff9f63ee/ip/phy_FIFO/phy_FIFO.v:89)
[EFX-0011 VERI-WARNING] net 'led_reg' does not have a driver (VDB-1002) (/home/efx/hdd/efinity_company_projects/c4ff9f63ee/WS2812_bram.v:18)
[EFX-0011 VERI-WARNING] expression size 32 truncated to fit in target size 16 (VERI-1209) (/home/efx/hdd/efinity_company_projects/c4ff9f63ee/WS2812_config_ctrl.v:206)
[EFX-0011 VERI-WARNING] expression size 17 truncated to fit in target size 16 (VERI-1209) (/home/efx/hdd/efinity_company_projects/c4ff9f63ee/WS2812_config_ctrl.v:208)
[EFX-0011 VERI-WARNING] expression size 17 truncated to fit in target size 16 (VERI-1209) (/home/efx/hdd/efinity_company_projects/c4ff9f63ee/WS2812_data_ctrl.v:99)
[EFX-0011 VERI-WARNING] expression size 32 truncated to fit in target size 11 (VERI-1209) (/home/efx/hdd/efinity_company_projects/c4ff9f63ee/ws2812_Interface.v:99)
[EFX-0011 VERI-WARNING] expression size 32 truncated to fit in target size 11 (VERI-1209) (/home/efx/hdd/efinity_company_projects/c4ff9f63ee/ws2812_Interface.v:109)
[EFX-0011 VERI-WARNING] expression size 32 truncated to fit in target size 5 (VERI-1209) (/home/efx/hdd/efinity_company_projects/c4ff9f63ee/ws2812_Interface.v:113)
[EFX-0011 VERI-WARNING] expression size 17 truncated to fit in target size 16 (VERI-1209) (/home/efx/hdd/efinity_company_projects/c4ff9f63ee/ws2812_Interface.v:117)
[EFX-0011 VERI-WARNING] expression size 17 truncated to fit in target size 16 (VERI-1209) (/home/efx/hdd/efinity_company_projects/c4ff9f63ee/ws2812_Interface.v:123)
[EFX-0011 VERI-WARNING] input port 'a_rst_i' remains unconnected for this instance (VDB-1053) (/home/efx/hdd/efinity_company_projects/c4ff9f63ee/WS2812_TOP.v:67)
[EFX-0011 VERI-WARNING] input port 'a_rst_i' remains unconnected for this instance (VDB-1053) (/home/efx/hdd/efinity_company_projects/c4ff9f63ee/WS2812_TOP.v:77)
[EFX-0011 VERI-WARNING] input port 'reset' remains unconnected for this instance (VDB-1053) (/home/efx/hdd/efinity_company_projects/c4ff9f63ee/WS2812_TOP.v:99)
[EFX-0200 WARNING] Removing redundant signal : bit_xor. (/home/efx/hdd/efinity_company_projects/c4ff9f63ee/ip/phy_FIFO/phy_FIFO.v:312)
[EFX-0200 WARNING] Removing redundant signal : bit_xor.nex_bit[31]. (/home/efx/hdd/efinity_company_projects/c4ff9f63ee/ip/phy_FIFO/phy_FIFO.v:313)
[EFX-0200 WARNING] Removing redundant signal : bit_xor.nex_bit[30]. (/home/efx/hdd/efinity_company_projects/c4ff9f63ee/ip/phy_FIFO/phy_FIFO.v:313)
[EFX-0200 WARNING] Removing redundant signal : bit_xor.nex_bit[29]. (/home/efx/hdd/efinity_company_projects/c4ff9f63ee/ip/phy_FIFO/phy_FIFO.v:313)
[EFX-0200 WARNING] Removing redundant signal : bit_xor.nex_bit[28]. (/home/efx/hdd/efinity_company_projects/c4ff9f63ee/ip/phy_FIFO/phy_FIFO.v:313)
[EFX-0200 WARNING] Removing redundant signal : bit_xor.nex_bit[27]. (/home/efx/hdd/efinity_company_projects/c4ff9f63ee/ip/phy_FIFO/phy_FIFO.v:313)
[EFX-0200 WARNING] Removing redundant signal : bit_xor.nex_bit[26]. (/home/efx/hdd/efinity_company_projects/c4ff9f63ee/ip/phy_FIFO/phy_FIFO.v:313)
[EFX-0200 WARNING] Removing redundant signal : bit_xor.nex_bit[25]. (/home/efx/hdd/efinity_company_projects/c4ff9f63ee/ip/phy_FIFO/phy_FIFO.v:313)
[EFX-0200 WARNING] Removing redundant signal : bit_xor.nex_bit[24]. (/home/efx/hdd/efinity_company_projects/c4ff9f63ee/ip/phy_FIFO/phy_FIFO.v:313)
[EFX-0200 WARNING] Removing redundant signal : bit_xor.nex_bit[23]. (/home/efx/hdd/efinity_company_projects/c4ff9f63ee/ip/phy_FIFO/phy_FIFO.v:313)
[EFX-0200 WARNING] Removing redundant signal : bit_xor.nex_bit[22]. (/home/efx/hdd/efinity_company_projects/c4ff9f63ee/ip/phy_FIFO/phy_FIFO.v:313)
[EFX-0200 WARNING] Removing redundant signal : bit_xor.nex_bit[21]. (/home/efx/hdd/efinity_company_projects/c4ff9f63ee/ip/phy_FIFO/phy_FIFO.v:313)
[EFX-0200 WARNING] Removing redundant signal : bit_xor.nex_bit[20]. (/home/efx/hdd/efinity_company_projects/c4ff9f63ee/ip/phy_FIFO/phy_FIFO.v:313)
[EFX-0200 WARNING] Removing redundant signal : bit_xor.nex_bit[19]. (/home/efx/hdd/efinity_company_projects/c4ff9f63ee/ip/phy_FIFO/phy_FIFO.v:313)
[EFX-0200 WARNING] Removing redundant signal : bit_xor.nex_bit[18]. (/home/efx/hdd/efinity_company_projects/c4ff9f63ee/ip/phy_FIFO/phy_FIFO.v:313)
[EFX-0200 WARNING] Removing redundant signal : bit_xor.nex_bit[17]. (/home/efx/hdd/efinity_company_projects/c4ff9f63ee/ip/phy_FIFO/phy_FIFO.v:313)
[EFX-0200 WARNING] Removing redundant signal : bit_xor.nex_bit[16]. (/home/efx/hdd/efinity_company_projects/c4ff9f63ee/ip/phy_FIFO/phy_FIFO.v:313)
[EFX-0200 WARNING] Removing redundant signal : bit_xor.nex_bit[15]. (/home/efx/hdd/efinity_company_projects/c4ff9f63ee/ip/phy_FIFO/phy_FIFO.v:313)
[EFX-0200 WARNING] Removing redundant signal : bit_xor.nex_bit[14]. (/home/efx/hdd/efinity_company_projects/c4ff9f63ee/ip/phy_FIFO/phy_FIFO.v:313)
[EFX-0200 WARNING] Removing redundant signal : bit_xor.nex_bit[13]. (/home/efx/hdd/efinity_company_projects/c4ff9f63ee/ip/phy_FIFO/phy_FIFO.v:313)
[EFX-0201 WARNING] Re-wiring to GND non-driven net 'u_efx_fifo_top.a_wr_rst_i'. (/home/efx/hdd/efinity_company_projects/c4ff9f63ee/ip/phy_FIFO/phy_FIFO.v:89)
[EFX-0201 WARNING] Re-wiring to GND non-driven net 'u_efx_fifo_top.a_rd_rst_i'. (/home/efx/hdd/efinity_company_projects/c4ff9f63ee/ip/phy_FIFO/phy_FIFO.v:89)
[EFX-0201 WARNING] Re-wiring to GND non-driven net 'u_efx_fifo_top.clk_i'. (/home/efx/hdd/efinity_company_projects/c4ff9f63ee/ip/phy_FIFO/phy_FIFO.v:89)
[EFX-0201 WARNING] Re-wiring to GND non-driven net 'ws_wr_fifo_config.a_rst_i'. (/home/efx/hdd/efinity_company_projects/c4ff9f63ee/WS2812_TOP.v:67)
[EFX-0201 WARNING] Re-wiring to GND non-driven net 'ws_wr_fifo_data.a_rst_i'. (/home/efx/hdd/efinity_company_projects/c4ff9f63ee/WS2812_TOP.v:77)
[EFX-0201 WARNING] Re-wiring to GND non-driven net 'wsctrl.reset'. (/home/efx/hdd/efinity_company_projects/c4ff9f63ee/WS2812_TOP.v:99)
[EFX-0656 WARNING] Optimizing into logic zero initialized read-only memory block 'led_reg'. (/home/efx/hdd/efinity_company_projects/c4ff9f63ee/WS2812_bram.v:18)
[EFX-0011 VERI-WARNING] Input/Inout Port i_rx_serial_data is unconnected and will be removed 

///////////////////////////////////
// Efinity Synthesis Started 
// Jun 21, 2024 12:27:57
///////////////////////////////////

[EFX-0011 VERI-WARNING] parameter 's_IDLE' becomes localparam in 'test_uart_rx' with formal parameter declaration list (VERI-1199) (/home/tejas/Downloads/efinity/2023.2/project/WS2812_Custom/test_uart_rx.v:10)
[EFX-0011 VERI-WARNING] parameter 's_RX_START_BIT' becomes localparam in 'test_uart_rx' with formal parameter declaration list (VERI-1199) (/home/tejas/Downloads/efinity/2023.2/project/WS2812_Custom/test_uart_rx.v:11)
[EFX-0011 VERI-WARNING] parameter 's_RX_DATA_BITS' becomes localparam in 'test_uart_rx' with formal parameter declaration list (VERI-1199) (/home/tejas/Downloads/efinity/2023.2/project/WS2812_Custom/test_uart_rx.v:12)
[EFX-0011 VERI-WARNING] parameter 's_RX_STOP_BIT' becomes localparam in 'test_uart_rx' with formal parameter declaration list (VERI-1199) (/home/tejas/Downloads/efinity/2023.2/project/WS2812_Custom/test_uart_rx.v:13)
[EFX-0011 VERI-WARNING] parameter 's_CLEANUP' becomes localparam in 'test_uart_rx' with formal parameter declaration list (VERI-1199) (/home/tejas/Downloads/efinity/2023.2/project/WS2812_Custom/test_uart_rx.v:14)

///////////////////////////////////
// Efinity Synthesis Started 
// Jun 21, 2024 12:28:33
///////////////////////////////////

[EFX-0011 VERI-WARNING] parameter 's_IDLE' becomes localparam in 'test_uart_rx' with formal parameter declaration list (VERI-1199) (/home/tejas/Downloads/efinity/2023.2/project/WS2812_Custom/test_uart_rx.v:10)
[EFX-0011 VERI-WARNING] parameter 's_RX_START_BIT' becomes localparam in 'test_uart_rx' with formal parameter declaration list (VERI-1199) (/home/tejas/Downloads/efinity/2023.2/project/WS2812_Custom/test_uart_rx.v:11)
[EFX-0011 VERI-WARNING] parameter 's_RX_DATA_BITS' becomes localparam in 'test_uart_rx' with formal parameter declaration list (VERI-1199) (/home/tejas/Downloads/efinity/2023.2/project/WS2812_Custom/test_uart_rx.v:12)
[EFX-0011 VERI-WARNING] parameter 's_RX_STOP_BIT' becomes localparam in 'test_uart_rx' with formal parameter declaration list (VERI-1199) (/home/tejas/Downloads/efinity/2023.2/project/WS2812_Custom/test_uart_rx.v:13)
[EFX-0011 VERI-WARNING] parameter 's_CLEANUP' becomes localparam in 'test_uart_rx' with formal parameter declaration list (VERI-1199) (/home/tejas/Downloads/efinity/2023.2/project/WS2812_Custom/test_uart_rx.v:14)

///////////////////////////////////
// Efinity Synthesis Started 
// Jun 21, 2024 12:29:18
///////////////////////////////////

[EFX-0011 VERI-WARNING] parameter 's_IDLE' becomes localparam in 'test_uart_rx' with formal parameter declaration list (VERI-1199) (/home/tejas/Downloads/efinity/2023.2/project/WS2812_Custom/test_uart_rx.v:10)
[EFX-0011 VERI-WARNING] parameter 's_RX_START_BIT' becomes localparam in 'test_uart_rx' with formal parameter declaration list (VERI-1199) (/home/tejas/Downloads/efinity/2023.2/project/WS2812_Custom/test_uart_rx.v:11)
[EFX-0011 VERI-WARNING] parameter 's_RX_DATA_BITS' becomes localparam in 'test_uart_rx' with formal parameter declaration list (VERI-1199) (/home/tejas/Downloads/efinity/2023.2/project/WS2812_Custom/test_uart_rx.v:12)
[EFX-0011 VERI-WARNING] parameter 's_RX_STOP_BIT' becomes localparam in 'test_uart_rx' with formal parameter declaration list (VERI-1199) (/home/tejas/Downloads/efinity/2023.2/project/WS2812_Custom/test_uart_rx.v:13)
[EFX-0011 VERI-WARNING] parameter 's_CLEANUP' becomes localparam in 'test_uart_rx' with formal parameter declaration list (VERI-1199) (/home/tejas/Downloads/efinity/2023.2/project/WS2812_Custom/test_uart_rx.v:14)

///////////////////////////////////
// Efinity Synthesis Started 
// Jun 21, 2024 12:30:16
///////////////////////////////////

[EFX-0011 VERI-WARNING] parameter 's_IDLE' becomes localparam in 'test_uart_rx' with formal parameter declaration list (VERI-1199) (/home/tejas/Downloads/efinity/2023.2/project/WS2812_Custom/test_uart_rx.v:10)
[EFX-0011 VERI-WARNING] parameter 's_RX_START_BIT' becomes localparam in 'test_uart_rx' with formal parameter declaration list (VERI-1199) (/home/tejas/Downloads/efinity/2023.2/project/WS2812_Custom/test_uart_rx.v:11)
[EFX-0011 VERI-WARNING] parameter 's_RX_DATA_BITS' becomes localparam in 'test_uart_rx' with formal parameter declaration list (VERI-1199) (/home/tejas/Downloads/efinity/2023.2/project/WS2812_Custom/test_uart_rx.v:12)
[EFX-0011 VERI-WARNING] parameter 's_RX_STOP_BIT' becomes localparam in 'test_uart_rx' with formal parameter declaration list (VERI-1199) (/home/tejas/Downloads/efinity/2023.2/project/WS2812_Custom/test_uart_rx.v:13)
[EFX-0011 VERI-WARNING] parameter 's_CLEANUP' becomes localparam in 'test_uart_rx' with formal parameter declaration list (VERI-1199) (/home/tejas/Downloads/efinity/2023.2/project/WS2812_Custom/test_uart_rx.v:14)

///////////////////////////////////
// Efinity Synthesis Started 
// Jun 21, 2024 12:31:06
///////////////////////////////////

[EFX-0011 VERI-WARNING] parameter 's_IDLE' becomes localparam in 'test_uart_rx' with formal parameter declaration list (VERI-1199) (/home/tejas/Downloads/efinity/2023.2/project/WS2812_Custom/test_uart_rx.v:10)
[EFX-0011 VERI-WARNING] parameter 's_RX_START_BIT' becomes localparam in 'test_uart_rx' with formal parameter declaration list (VERI-1199) (/home/tejas/Downloads/efinity/2023.2/project/WS2812_Custom/test_uart_rx.v:11)
[EFX-0011 VERI-WARNING] parameter 's_RX_DATA_BITS' becomes localparam in 'test_uart_rx' with formal parameter declaration list (VERI-1199) (/home/tejas/Downloads/efinity/2023.2/project/WS2812_Custom/test_uart_rx.v:12)
[EFX-0011 VERI-WARNING] parameter 's_RX_STOP_BIT' becomes localparam in 'test_uart_rx' with formal parameter declaration list (VERI-1199) (/home/tejas/Downloads/efinity/2023.2/project/WS2812_Custom/test_uart_rx.v:13)
[EFX-0011 VERI-WARNING] parameter 's_CLEANUP' becomes localparam in 'test_uart_rx' with formal parameter declaration list (VERI-1199) (/home/tejas/Downloads/efinity/2023.2/project/WS2812_Custom/test_uart_rx.v:14)

///////////////////////////////////
// Efinity Synthesis Started 
// Jun 21, 2024 12:38:24
///////////////////////////////////

[EFX-0011 VERI-WARNING] parameter 's_IDLE' becomes localparam in 'test_uart_rx' with formal parameter declaration list (VERI-1199) (/home/tejas/Downloads/efinity/2023.2/project/WS2812_Custom/test_uart_rx.v:10)
[EFX-0011 VERI-WARNING] parameter 's_RX_START_BIT' becomes localparam in 'test_uart_rx' with formal parameter declaration list (VERI-1199) (/home/tejas/Downloads/efinity/2023.2/project/WS2812_Custom/test_uart_rx.v:11)
[EFX-0011 VERI-WARNING] parameter 's_RX_DATA_BITS' becomes localparam in 'test_uart_rx' with formal parameter declaration list (VERI-1199) (/home/tejas/Downloads/efinity/2023.2/project/WS2812_Custom/test_uart_rx.v:12)
[EFX-0011 VERI-WARNING] parameter 's_RX_STOP_BIT' becomes localparam in 'test_uart_rx' with formal parameter declaration list (VERI-1199) (/home/tejas/Downloads/efinity/2023.2/project/WS2812_Custom/test_uart_rx.v:13)
[EFX-0011 VERI-WARNING] parameter 's_CLEANUP' becomes localparam in 'test_uart_rx' with formal parameter declaration list (VERI-1199) (/home/tejas/Downloads/efinity/2023.2/project/WS2812_Custom/test_uart_rx.v:14)

///////////////////////////////////
// Efinity Synthesis Started 
// Jun 21, 2024 12:39:57
///////////////////////////////////

[EFX-0011 VERI-WARNING] parameter 's_IDLE' becomes localparam in 'test_uart_rx' with formal parameter declaration list (VERI-1199) (/home/tejas/Downloads/efinity/2023.2/project/WS2812_Custom/test_uart_rx.v:10)
[EFX-0011 VERI-WARNING] parameter 's_RX_START_BIT' becomes localparam in 'test_uart_rx' with formal parameter declaration list (VERI-1199) (/home/tejas/Downloads/efinity/2023.2/project/WS2812_Custom/test_uart_rx.v:11)
[EFX-0011 VERI-WARNING] parameter 's_RX_DATA_BITS' becomes localparam in 'test_uart_rx' with formal parameter declaration list (VERI-1199) (/home/tejas/Downloads/efinity/2023.2/project/WS2812_Custom/test_uart_rx.v:12)
[EFX-0011 VERI-WARNING] parameter 's_RX_STOP_BIT' becomes localparam in 'test_uart_rx' with formal parameter declaration list (VERI-1199) (/home/tejas/Downloads/efinity/2023.2/project/WS2812_Custom/test_uart_rx.v:13)
[EFX-0011 VERI-WARNING] parameter 's_CLEANUP' becomes localparam in 'test_uart_rx' with formal parameter declaration list (VERI-1199) (/home/tejas/Downloads/efinity/2023.2/project/WS2812_Custom/test_uart_rx.v:14)

///////////////////////////////////
// Efinity Synthesis Started 
// Jun 21, 2024 12:40:06
///////////////////////////////////

[EFX-0011 VERI-WARNING] parameter 's_IDLE' becomes localparam in 'test_uart_rx' with formal parameter declaration list (VERI-1199) (/home/tejas/Downloads/efinity/2023.2/project/WS2812_Custom/test_uart_rx.v:10)
[EFX-0011 VERI-WARNING] parameter 's_RX_START_BIT' becomes localparam in 'test_uart_rx' with formal parameter declaration list (VERI-1199) (/home/tejas/Downloads/efinity/2023.2/project/WS2812_Custom/test_uart_rx.v:11)
[EFX-0011 VERI-WARNING] parameter 's_RX_DATA_BITS' becomes localparam in 'test_uart_rx' with formal parameter declaration list (VERI-1199) (/home/tejas/Downloads/efinity/2023.2/project/WS2812_Custom/test_uart_rx.v:12)
[EFX-0011 VERI-WARNING] parameter 's_RX_STOP_BIT' becomes localparam in 'test_uart_rx' with formal parameter declaration list (VERI-1199) (/home/tejas/Downloads/efinity/2023.2/project/WS2812_Custom/test_uart_rx.v:13)
[EFX-0011 VERI-WARNING] parameter 's_CLEANUP' becomes localparam in 'test_uart_rx' with formal parameter declaration list (VERI-1199) (/home/tejas/Downloads/efinity/2023.2/project/WS2812_Custom/test_uart_rx.v:14)

///////////////////////////////////
// Efinity Synthesis Started 
// Jun 21, 2024 12:41:41
///////////////////////////////////

[EFX-0011 VERI-WARNING] parameter 's_IDLE' becomes localparam in 'test_uart_rx' with formal parameter declaration list (VERI-1199) (/home/tejas/Downloads/efinity/2023.2/project/WS2812_Custom/test_uart_rx.v:10)
[EFX-0011 VERI-WARNING] parameter 's_RX_START_BIT' becomes localparam in 'test_uart_rx' with formal parameter declaration list (VERI-1199) (/home/tejas/Downloads/efinity/2023.2/project/WS2812_Custom/test_uart_rx.v:11)
[EFX-0011 VERI-WARNING] parameter 's_RX_DATA_BITS' becomes localparam in 'test_uart_rx' with formal parameter declaration list (VERI-1199) (/home/tejas/Downloads/efinity/2023.2/project/WS2812_Custom/test_uart_rx.v:12)
[EFX-0011 VERI-WARNING] parameter 's_RX_STOP_BIT' becomes localparam in 'test_uart_rx' with formal parameter declaration list (VERI-1199) (/home/tejas/Downloads/efinity/2023.2/project/WS2812_Custom/test_uart_rx.v:13)
[EFX-0011 VERI-WARNING] parameter 's_CLEANUP' becomes localparam in 'test_uart_rx' with formal parameter declaration list (VERI-1199) (/home/tejas/Downloads/efinity/2023.2/project/WS2812_Custom/test_uart_rx.v:14)

///////////////////////////////////
// Efinity Synthesis Started 
// Jun 21, 2024 12:41:49
///////////////////////////////////

[EFX-0011 VERI-WARNING] parameter 's_IDLE' becomes localparam in 'test_uart_rx' with formal parameter declaration list (VERI-1199) (/home/tejas/Downloads/efinity/2023.2/project/WS2812_Custom/test_uart_rx.v:10)
[EFX-0011 VERI-WARNING] parameter 's_RX_START_BIT' becomes localparam in 'test_uart_rx' with formal parameter declaration list (VERI-1199) (/home/tejas/Downloads/efinity/2023.2/project/WS2812_Custom/test_uart_rx.v:11)
[EFX-0011 VERI-WARNING] parameter 's_RX_DATA_BITS' becomes localparam in 'test_uart_rx' with formal parameter declaration list (VERI-1199) (/home/tejas/Downloads/efinity/2023.2/project/WS2812_Custom/test_uart_rx.v:12)
[EFX-0011 VERI-WARNING] parameter 's_RX_STOP_BIT' becomes localparam in 'test_uart_rx' with formal parameter declaration list (VERI-1199) (/home/tejas/Downloads/efinity/2023.2/project/WS2812_Custom/test_uart_rx.v:13)
[EFX-0011 VERI-WARNING] parameter 's_CLEANUP' becomes localparam in 'test_uart_rx' with formal parameter declaration list (VERI-1199) (/home/tejas/Downloads/efinity/2023.2/project/WS2812_Custom/test_uart_rx.v:14)

///////////////////////////////////
// Efinity Synthesis Started 
// Jun 21, 2024 12:46:15
///////////////////////////////////

[EFX-0011 VERI-WARNING] parameter 's_IDLE' becomes localparam in 'test_uart_rx' with formal parameter declaration list (VERI-1199) (/home/tejas/Downloads/efinity/2023.2/project/WS2812_Custom/test_uart_rx.v:10)
[EFX-0011 VERI-WARNING] parameter 's_RX_START_BIT' becomes localparam in 'test_uart_rx' with formal parameter declaration list (VERI-1199) (/home/tejas/Downloads/efinity/2023.2/project/WS2812_Custom/test_uart_rx.v:11)
[EFX-0011 VERI-WARNING] parameter 's_RX_DATA_BITS' becomes localparam in 'test_uart_rx' with formal parameter declaration list (VERI-1199) (/home/tejas/Downloads/efinity/2023.2/project/WS2812_Custom/test_uart_rx.v:12)
[EFX-0011 VERI-WARNING] parameter 's_RX_STOP_BIT' becomes localparam in 'test_uart_rx' with formal parameter declaration list (VERI-1199) (/home/tejas/Downloads/efinity/2023.2/project/WS2812_Custom/test_uart_rx.v:13)
[EFX-0011 VERI-WARNING] parameter 's_CLEANUP' becomes localparam in 'test_uart_rx' with formal parameter declaration list (VERI-1199) (/home/tejas/Downloads/efinity/2023.2/project/WS2812_Custom/test_uart_rx.v:14)

///////////////////////////////////
// Efinity Synthesis Started 
// Jun 21, 2024 12:56:06
///////////////////////////////////

[EFX-0011 VERI-WARNING] parameter 's_IDLE' becomes localparam in 'test_uart_rx' with formal parameter declaration list (VERI-1199) (/home/tejas/Downloads/efinity/2023.2/project/WS2812_Custom/test_uart_rx.v:10)
[EFX-0011 VERI-WARNING] parameter 's_RX_START_BIT' becomes localparam in 'test_uart_rx' with formal parameter declaration list (VERI-1199) (/home/tejas/Downloads/efinity/2023.2/project/WS2812_Custom/test_uart_rx.v:11)
[EFX-0011 VERI-WARNING] parameter 's_RX_DATA_BITS' becomes localparam in 'test_uart_rx' with formal parameter declaration list (VERI-1199) (/home/tejas/Downloads/efinity/2023.2/project/WS2812_Custom/test_uart_rx.v:12)
[EFX-0011 VERI-WARNING] parameter 's_RX_STOP_BIT' becomes localparam in 'test_uart_rx' with formal parameter declaration list (VERI-1199) (/home/tejas/Downloads/efinity/2023.2/project/WS2812_Custom/test_uart_rx.v:13)
[EFX-0011 VERI-WARNING] parameter 's_CLEANUP' becomes localparam in 'test_uart_rx' with formal parameter declaration list (VERI-1199) (/home/tejas/Downloads/efinity/2023.2/project/WS2812_Custom/test_uart_rx.v:14)
