
///////////////////////////////////
// Efinity Synthesis Started 
// Jun 17, 2024 12:44:58
///////////////////////////////////

[EFX-0021 ERROR] Verific elaboration of module 'WS2812_TOP' failed.

///////////////////////////////////
// Efinity Synthesis Started 
// Jun 17, 2024 12:54:18
///////////////////////////////////

[EFX-0021 ERROR] Verific elaboration of module 'WS2812_TOP' failed.

///////////////////////////////////
// Efinity Synthesis Started 
// Jun 17, 2024 12:54:52
///////////////////////////////////

[EFX-0010 VERI-ERROR] syntax error near ')' (VERI-1137) (/home/tejas/Downloads/efinity/2023.2/project/WS2812_Custom/WS2812_TOP.v:61)
[EFX-0010 VERI-ERROR] module 'WS2812_TOP' is ignored due to previous errors (VERI-1072) (/home/tejas/Downloads/efinity/2023.2/project/WS2812_Custom/WS2812_TOP.v:62)

///////////////////////////////////
// Efinity Synthesis Started 
// Jun 17, 2024 12:55:12
///////////////////////////////////

[EFX-0010 VERI-ERROR] syntax error near ')' (VERI-1137) (/home/tejas/Downloads/efinity/2023.2/project/WS2812_Custom/WS2812_TOP.v:61)
[EFX-0010 VERI-ERROR] module 'WS2812_TOP' is ignored due to previous errors (VERI-1072) (/home/tejas/Downloads/efinity/2023.2/project/WS2812_Custom/WS2812_TOP.v:62)

///////////////////////////////////
// Efinity Synthesis Started 
// Jun 17, 2024 13:00:48
///////////////////////////////////

[EFX-0010 VERI-ERROR] instantiating unknown module 'ws2812_config_ctrl' (VERI-1063) (/home/tejas/Downloads/efinity/2023.2/project/WS2812_Custom/WS2812_TOP.v:59)
[EFX-0021 ERROR] Verific elaboration of module 'WS2812_TOP' failed.

///////////////////////////////////
// Efinity Synthesis Started 
// Jun 17, 2024 13:01:20
///////////////////////////////////

[EFX-0010 VERI-ERROR] Post-synthesis netlist has only vcc and gnd nets as all logic are eliminated. Legal, but will cause router to crash. 

///////////////////////////////////
// Efinity Synthesis Started 
// Jun 17, 2024 13:04:43
///////////////////////////////////


///////////////////////////////////
// Efinity Synthesis Started 
// Jun 17, 2024 14:14:56
///////////////////////////////////


///////////////////////////////////
// Efinity Synthesis Started 
// Jun 17, 2024 14:19:35
///////////////////////////////////


///////////////////////////////////
// Efinity Synthesis Started 
// Jun 17, 2024 14:34:44
///////////////////////////////////

[EFX-0010 VERI-ERROR] invalid initialization in declaration (VERI-1754) (/home/tejas/Downloads/efinity/2023.2/project/WS2812_Custom/WS2812_TOP.v:14)
[EFX-0010 VERI-ERROR] module 'WS2812_TOP' is ignored due to previous errors (VERI-1072) (/home/tejas/Downloads/efinity/2023.2/project/WS2812_Custom/WS2812_TOP.v:64)

///////////////////////////////////
// Efinity Synthesis Started 
// Jun 17, 2024 14:35:17
///////////////////////////////////

[EFX-0010 VERI-ERROR] invalid initialization in declaration (VERI-1754) (/home/tejas/Downloads/efinity/2023.2/project/WS2812_Custom/WS2812_TOP.v:14)
[EFX-0010 VERI-ERROR] module 'WS2812_TOP' is ignored due to previous errors (VERI-1072) (/home/tejas/Downloads/efinity/2023.2/project/WS2812_Custom/WS2812_TOP.v:64)

///////////////////////////////////
// Efinity Synthesis Started 
// Jun 17, 2024 14:36:13
///////////////////////////////////


///////////////////////////////////
// Efinity Synthesis Started 
// Jun 17, 2024 14:58:19
///////////////////////////////////


///////////////////////////////////
// Efinity Synthesis Started 
// Jun 17, 2024 15:11:46
///////////////////////////////////


///////////////////////////////////
// Efinity Synthesis Started 
// Jun 17, 2024 17:21:50
///////////////////////////////////


///////////////////////////////////
// Efinity Synthesis Started 
// Jun 17, 2024 17:49:37
///////////////////////////////////


///////////////////////////////////
// Efinity Synthesis Started 
// Jun 17, 2024 17:57:33
///////////////////////////////////


///////////////////////////////////
// Efinity Synthesis Started 
// Jun 18, 2024 10:22:51
///////////////////////////////////

[EFX-0010 VERI-ERROR] unexpected EOF (VERI-1138) (/home/tejas/Downloads/efinity/2023.2/project/WS2812_Custom/WS2812_TOP.v:75)

///////////////////////////////////
// Efinity Synthesis Started 
// Jun 18, 2024 10:23:53
///////////////////////////////////

[EFX-0010 VERI-ERROR] unexpected EOF (VERI-1138) (/home/tejas/Downloads/efinity/2023.2/project/WS2812_Custom/WS2812_TOP.v:75)

///////////////////////////////////
// Efinity Synthesis Started 
// Jun 18, 2024 10:35:33
///////////////////////////////////

[EFX-0010 VERI-ERROR] unexpected EOF (VERI-1138) (/home/tejas/Downloads/efinity/2023.2/project/WS2812_Custom/WS2812_TOP.v:75)

///////////////////////////////////
// Efinity Synthesis Started 
// Jun 18, 2024 10:36:03
///////////////////////////////////

[EFX-0010 VERI-ERROR] unexpected EOF (VERI-1138) (/home/tejas/Downloads/efinity/2023.2/project/WS2812_Custom/WS2812_TOP.v:75)

///////////////////////////////////
// Efinity Synthesis Started 
// Jun 18, 2024 10:38:26
///////////////////////////////////

[EFX-0010 VERI-ERROR] unexpected EOF (VERI-1138) (/home/tejas/Downloads/efinity/2023.2/project/WS2812_Custom/WS2812_TOP.v:75)

///////////////////////////////////
// Efinity Synthesis Started 
// Jun 18, 2024 10:40:37
///////////////////////////////////


///////////////////////////////////
// Efinity Synthesis Started 
// Jun 18, 2024 11:33:02
///////////////////////////////////

[EFX-0010 VERI-ERROR] procedural assignment to a non-register 'data_dv' is not permitted (VERI-1100) (/home/tejas/Downloads/efinity/2023.2/project/WS2812_Custom/WS2812_bram.v:36)
[EFX-0010 VERI-ERROR] procedural assignment to a non-register 'data_dv' is not permitted (VERI-1100) (/home/tejas/Downloads/efinity/2023.2/project/WS2812_Custom/WS2812_bram.v:51)
[EFX-0010 VERI-ERROR] module 'bram' is ignored due to previous errors (VERI-1072) (/home/tejas/Downloads/efinity/2023.2/project/WS2812_Custom/WS2812_bram.v:57)

///////////////////////////////////
// Efinity Synthesis Started 
// Jun 18, 2024 11:44:19
///////////////////////////////////

[EFX-0010 VERI-ERROR] procedural assignment to a non-register 'data_dv' is not permitted (VERI-1100) (/home/tejas/Downloads/efinity/2023.2/project/WS2812_Custom/WS2812_bram.v:36)
[EFX-0010 VERI-ERROR] procedural assignment to a non-register 'data_dv' is not permitted (VERI-1100) (/home/tejas/Downloads/efinity/2023.2/project/WS2812_Custom/WS2812_bram.v:51)
[EFX-0010 VERI-ERROR] module 'bram' is ignored due to previous errors (VERI-1072) (/home/tejas/Downloads/efinity/2023.2/project/WS2812_Custom/WS2812_bram.v:57)

///////////////////////////////////
// Efinity Synthesis Started 
// Jun 18, 2024 11:45:40
///////////////////////////////////

[EFX-0010 VERI-ERROR] syntax error near '<=' (VERI-1137) (/home/tejas/Downloads/efinity/2023.2/project/WS2812_Custom/WS2812_bram.v:58)
[EFX-0010 VERI-ERROR] procedural assignment to a non-register 'data_dv' is not permitted (VERI-1100) (/home/tejas/Downloads/efinity/2023.2/project/WS2812_Custom/WS2812_bram.v:52)
[EFX-0010 VERI-ERROR] module 'bram' is ignored due to previous errors (VERI-1072) (/home/tejas/Downloads/efinity/2023.2/project/WS2812_Custom/WS2812_bram.v:59)

///////////////////////////////////
// Efinity Synthesis Started 
// Jun 18, 2024 11:45:59
///////////////////////////////////

[EFX-0010 VERI-ERROR] procedural assignment to a non-register 'data_dv' is not permitted (VERI-1100) (/home/tejas/Downloads/efinity/2023.2/project/WS2812_Custom/WS2812_bram.v:52)
[EFX-0010 VERI-ERROR] module 'bram' is ignored due to previous errors (VERI-1072) (/home/tejas/Downloads/efinity/2023.2/project/WS2812_Custom/WS2812_bram.v:59)

///////////////////////////////////
// Efinity Synthesis Started 
// Jun 18, 2024 11:46:24
///////////////////////////////////


///////////////////////////////////
// Efinity Synthesis Started 
// Jun 18, 2024 12:27:22
///////////////////////////////////

[EFX-0010 VERI-ERROR] syntax error near ':' (VERI-1137) (/home/tejas/Downloads/efinity/2023.2/project/WS2812_Custom/WS2812_TOP.v:35)
[EFX-0010 VERI-ERROR] syntax error near 'input' (VERI-1137) (/home/tejas/Downloads/efinity/2023.2/project/WS2812_Custom/WS2812_TOP.v:87)
[EFX-0010 VERI-ERROR] Verilog 2000 keyword 'input' used in incorrect context (VERI-2344) (/home/tejas/Downloads/efinity/2023.2/project/WS2812_Custom/WS2812_TOP.v:87)
[EFX-0010 VERI-ERROR] syntax error near '.' (VERI-1137) (/home/tejas/Downloads/efinity/2023.2/project/WS2812_Custom/WS2812_TOP.v:89)
[EFX-0010 VERI-ERROR] syntax error near '.' (VERI-1137) (/home/tejas/Downloads/efinity/2023.2/project/WS2812_Custom/WS2812_TOP.v:90)
[EFX-0010 VERI-ERROR] 'w_data_depth' is an unknown type (VERI-1556) (/home/tejas/Downloads/efinity/2023.2/project/WS2812_Custom/WS2812_TOP.v:36)
[EFX-0010 VERI-ERROR] 'w_data_depth' is not declared (VERI-1128) (/home/tejas/Downloads/efinity/2023.2/project/WS2812_Custom/WS2812_TOP.v:36)
[EFX-0010 VERI-ERROR] module 'WS2812_TOP' is ignored due to previous errors (VERI-1072) (/home/tejas/Downloads/efinity/2023.2/project/WS2812_Custom/WS2812_TOP.v:95)

///////////////////////////////////
// Efinity Synthesis Started 
// Jun 18, 2024 12:29:00
///////////////////////////////////

[EFX-0010 VERI-ERROR] unexpected EOF (VERI-1138) (/home/tejas/Downloads/efinity/2023.2/project/WS2812_Custom/WS2812_TOP.v:96)

///////////////////////////////////
// Efinity Synthesis Started 
// Jun 18, 2024 12:31:12
///////////////////////////////////


///////////////////////////////////
// Efinity Synthesis Started 
// Jun 18, 2024 12:38:11
///////////////////////////////////

[EFX-0010 VERI-ERROR] cannot find port 'write_config' on this module (VERI-1010) (/home/tejas/Downloads/efinity/2023.2/project/WS2812_Custom/WS2812_TOP.v:89)
[EFX-0021 ERROR] Verific elaboration of module 'WS2812_TOP' failed.

///////////////////////////////////
// Efinity Synthesis Started 
// Jun 18, 2024 12:39:09
///////////////////////////////////


///////////////////////////////////
// Efinity Synthesis Started 
// Jun 18, 2024 12:49:31
///////////////////////////////////


///////////////////////////////////
// Efinity Synthesis Started 
// Jun 18, 2024 12:59:37
///////////////////////////////////

[EFX-0010 VERI-ERROR] syntax error near 'endcase' (VERI-1137) (/home/tejas/Downloads/efinity/2023.2/project/WS2812_Custom/WS2812_config_ctrl.v:217)
[EFX-0010 VERI-ERROR] Verilog 2000 keyword 'endcase' used in incorrect context (VERI-2344) (/home/tejas/Downloads/efinity/2023.2/project/WS2812_Custom/WS2812_config_ctrl.v:217)

///////////////////////////////////
// Efinity Synthesis Started 
// Jun 18, 2024 13:01:11
///////////////////////////////////

[EFX-0010 VERI-ERROR] 'data_shift_change_flag' is not declared (VERI-1128) (/home/tejas/Downloads/efinity/2023.2/project/WS2812_Custom/WS2812_config_ctrl.v:91)
[EFX-0010 VERI-ERROR] 'data_shift_change_flag' is not declared (VERI-1128) (/home/tejas/Downloads/efinity/2023.2/project/WS2812_Custom/WS2812_config_ctrl.v:162)
[EFX-0010 VERI-ERROR] 'data_shift_change_flag' is not declared (VERI-1128) (/home/tejas/Downloads/efinity/2023.2/project/WS2812_Custom/WS2812_config_ctrl.v:204)
[EFX-0010 VERI-ERROR] 'data_shift_change_flag' is not declared (VERI-1128) (/home/tejas/Downloads/efinity/2023.2/project/WS2812_Custom/WS2812_config_ctrl.v:213)
[EFX-0010 VERI-ERROR] module 'WS2812_config_ctrl' is ignored due to previous errors (VERI-1072) (/home/tejas/Downloads/efinity/2023.2/project/WS2812_Custom/WS2812_config_ctrl.v:229)

///////////////////////////////////
// Efinity Synthesis Started 
// Jun 18, 2024 13:02:35
///////////////////////////////////

[EFX-0010 VERI-ERROR] syntax error near '<=' (VERI-1137) (/home/tejas/Downloads/efinity/2023.2/project/WS2812_Custom/WS2812_config_ctrl.v:34)
[EFX-0010 VERI-ERROR] module 'WS2812_config_ctrl' is ignored due to previous errors (VERI-1072) (/home/tejas/Downloads/efinity/2023.2/project/WS2812_Custom/WS2812_config_ctrl.v:231)

///////////////////////////////////
// Efinity Synthesis Started 
// Jun 18, 2024 13:02:56
///////////////////////////////////


///////////////////////////////////
// Efinity Synthesis Started 
// Jun 18, 2024 14:48:45
///////////////////////////////////


///////////////////////////////////
// Efinity Synthesis Started 
// Jun 18, 2024 15:02:40
///////////////////////////////////

[EFX-0010 VERI-ERROR] unexpected EOF (VERI-1138) (/home/tejas/Downloads/efinity/2023.2/project/WS2812_Custom/WS2812_TOP.v:111)

///////////////////////////////////
// Efinity Synthesis Started 
// Jun 18, 2024 15:03:12
///////////////////////////////////

[EFX-0010 VERI-ERROR] 'length' is not declared (VERI-1128) (/home/tejas/Downloads/efinity/2023.2/project/WS2812_Custom/WS2812_data_ctrl.v:54)
[EFX-0010 VERI-ERROR] module 'ws2812_data_ctrl' is ignored due to previous errors (VERI-1072) (/home/tejas/Downloads/efinity/2023.2/project/WS2812_Custom/WS2812_data_ctrl.v:114)

///////////////////////////////////
// Efinity Synthesis Started 
// Jun 18, 2024 15:03:36
///////////////////////////////////

[EFX-0010 VERI-ERROR] 'length' is not declared (VERI-1128) (/home/tejas/Downloads/efinity/2023.2/project/WS2812_Custom/WS2812_data_ctrl.v:54)
[EFX-0010 VERI-ERROR] module 'ws2812_data_ctrl' is ignored due to previous errors (VERI-1072) (/home/tejas/Downloads/efinity/2023.2/project/WS2812_Custom/WS2812_data_ctrl.v:114)

///////////////////////////////////
// Efinity Synthesis Started 
// Jun 18, 2024 15:03:50
///////////////////////////////////

[EFX-0010 VERI-ERROR] net 'w_fifo_rd_en' is constantly driven from multiple places (VDB-1000) (/home/tejas/Downloads/efinity/2023.2/project/WS2812_Custom/WS2812_TOP.v:71)
[EFX-0010 VERI-ERROR] found another driver here (VDB-1001) (/home/tejas/Downloads/efinity/2023.2/project/WS2812_Custom/WS2812_TOP.v:83)
[EFX-0021 ERROR] Verific elaboration of module 'WS2812_TOP' failed.

///////////////////////////////////
// Efinity Synthesis Started 
// Jun 18, 2024 15:55:42
///////////////////////////////////

[EFX-0010 VERI-ERROR] syntax error near 'wire' (VERI-1137) (/home/tejas/Downloads/efinity/2023.2/project/WS2812_Custom/WS2812_TOP.v:31)
[EFX-0010 VERI-ERROR] Verilog 2000 keyword 'wire' used in incorrect context (VERI-2344) (/home/tejas/Downloads/efinity/2023.2/project/WS2812_Custom/WS2812_TOP.v:31)
[EFX-0010 VERI-ERROR] syntax error near 'r' (VERI-1137) (/home/tejas/Downloads/efinity/2023.2/project/WS2812_Custom/WS2812_TOP.v:50)
[EFX-0010 VERI-ERROR] syntax error near ';' (VERI-1137) (/home/tejas/Downloads/efinity/2023.2/project/WS2812_Custom/WS2812_TOP.v:56)
[EFX-0010 VERI-ERROR] syntax error near ';' (VERI-1137) (/home/tejas/Downloads/efinity/2023.2/project/WS2812_Custom/WS2812_TOP.v:65)
[EFX-0010 VERI-ERROR] syntax error near ';' (VERI-1137) (/home/tejas/Downloads/efinity/2023.2/project/WS2812_Custom/WS2812_TOP.v:75)
[EFX-0010 VERI-ERROR] syntax error near ';' (VERI-1137) (/home/tejas/Downloads/efinity/2023.2/project/WS2812_Custom/WS2812_TOP.v:85)
[EFX-0010 VERI-ERROR] syntax error near ';' (VERI-1137) (/home/tejas/Downloads/efinity/2023.2/project/WS2812_Custom/WS2812_TOP.v:97)
[EFX-0010 VERI-ERROR] syntax error near ';' (VERI-1137) (/home/tejas/Downloads/efinity/2023.2/project/WS2812_Custom/WS2812_TOP.v:109)
[EFX-0010 VERI-ERROR] syntax error near ';' (VERI-1137) (/home/tejas/Downloads/efinity/2023.2/project/WS2812_Custom/WS2812_TOP.v:121)
[EFX-0010 VERI-ERROR] syntax error near ';' (VERI-1137) (/home/tejas/Downloads/efinity/2023.2/project/WS2812_Custom/WS2812_TOP.v:135)

///////////////////////////////////
// Efinity Synthesis Started 
// Jun 18, 2024 15:56:06
///////////////////////////////////

[EFX-0010 VERI-ERROR] syntax error near 'wire' (VERI-1137) (/home/tejas/Downloads/efinity/2023.2/project/WS2812_Custom/WS2812_TOP.v:31)
[EFX-0010 VERI-ERROR] Verilog 2000 keyword 'wire' used in incorrect context (VERI-2344) (/home/tejas/Downloads/efinity/2023.2/project/WS2812_Custom/WS2812_TOP.v:31)
[EFX-0010 VERI-ERROR] syntax error near 'r' (VERI-1137) (/home/tejas/Downloads/efinity/2023.2/project/WS2812_Custom/WS2812_TOP.v:50)
[EFX-0010 VERI-ERROR] syntax error near ';' (VERI-1137) (/home/tejas/Downloads/efinity/2023.2/project/WS2812_Custom/WS2812_TOP.v:56)
[EFX-0010 VERI-ERROR] syntax error near ';' (VERI-1137) (/home/tejas/Downloads/efinity/2023.2/project/WS2812_Custom/WS2812_TOP.v:65)
[EFX-0010 VERI-ERROR] syntax error near ';' (VERI-1137) (/home/tejas/Downloads/efinity/2023.2/project/WS2812_Custom/WS2812_TOP.v:75)
[EFX-0010 VERI-ERROR] syntax error near ';' (VERI-1137) (/home/tejas/Downloads/efinity/2023.2/project/WS2812_Custom/WS2812_TOP.v:85)
[EFX-0010 VERI-ERROR] syntax error near ';' (VERI-1137) (/home/tejas/Downloads/efinity/2023.2/project/WS2812_Custom/WS2812_TOP.v:97)
[EFX-0010 VERI-ERROR] syntax error near ';' (VERI-1137) (/home/tejas/Downloads/efinity/2023.2/project/WS2812_Custom/WS2812_TOP.v:109)
[EFX-0010 VERI-ERROR] syntax error near ';' (VERI-1137) (/home/tejas/Downloads/efinity/2023.2/project/WS2812_Custom/WS2812_TOP.v:121)
[EFX-0010 VERI-ERROR] syntax error near ';' (VERI-1137) (/home/tejas/Downloads/efinity/2023.2/project/WS2812_Custom/WS2812_TOP.v:135)

///////////////////////////////////
// Efinity Synthesis Started 
// Jun 18, 2024 15:57:04
///////////////////////////////////

[EFX-0010 VERI-ERROR] syntax error near 'uartrx_config' (VERI-1137) (/home/tejas/Downloads/efinity/2023.2/project/WS2812_Custom/WS2812_TOP.v:51)
[EFX-0010 VERI-ERROR] syntax error near ';' (VERI-1137) (/home/tejas/Downloads/efinity/2023.2/project/WS2812_Custom/WS2812_TOP.v:56)
[EFX-0010 VERI-ERROR] syntax error near ';' (VERI-1137) (/home/tejas/Downloads/efinity/2023.2/project/WS2812_Custom/WS2812_TOP.v:65)
[EFX-0010 VERI-ERROR] syntax error near ';' (VERI-1137) (/home/tejas/Downloads/efinity/2023.2/project/WS2812_Custom/WS2812_TOP.v:75)
[EFX-0010 VERI-ERROR] syntax error near ';' (VERI-1137) (/home/tejas/Downloads/efinity/2023.2/project/WS2812_Custom/WS2812_TOP.v:85)
[EFX-0010 VERI-ERROR] syntax error near ';' (VERI-1137) (/home/tejas/Downloads/efinity/2023.2/project/WS2812_Custom/WS2812_TOP.v:97)
[EFX-0010 VERI-ERROR] syntax error near ';' (VERI-1137) (/home/tejas/Downloads/efinity/2023.2/project/WS2812_Custom/WS2812_TOP.v:109)
[EFX-0010 VERI-ERROR] syntax error near ';' (VERI-1137) (/home/tejas/Downloads/efinity/2023.2/project/WS2812_Custom/WS2812_TOP.v:121)
[EFX-0010 VERI-ERROR] syntax error near ';' (VERI-1137) (/home/tejas/Downloads/efinity/2023.2/project/WS2812_Custom/WS2812_TOP.v:135)

///////////////////////////////////
// Efinity Synthesis Started 
// Jun 18, 2024 16:02:22
///////////////////////////////////

[EFX-0010 VERI-ERROR] syntax error near 'reg' (VERI-1137) (/home/tejas/Downloads/efinity/2023.2/project/WS2812_Custom/ws2812_Interface.v:45)
[EFX-0010 VERI-ERROR] Verilog 2000 keyword 'reg' used in incorrect context (VERI-2344) (/home/tejas/Downloads/efinity/2023.2/project/WS2812_Custom/ws2812_Interface.v:45)
[EFX-0010 VERI-ERROR] 't' is an unknown type (VERI-1556) (/home/tejas/Downloads/efinity/2023.2/project/WS2812_Custom/ws2812_Interface.v:45)
[EFX-0010 VERI-ERROR] 'state' is not declared (VERI-1128) (/home/tejas/Downloads/efinity/2023.2/project/WS2812_Custom/ws2812_Interface.v:58)
[EFX-0010 VERI-ERROR] 'state' is not declared (VERI-1128) (/home/tejas/Downloads/efinity/2023.2/project/WS2812_Custom/ws2812_Interface.v:62)
[EFX-0010 VERI-ERROR] 'state' is not declared (VERI-1128) (/home/tejas/Downloads/efinity/2023.2/project/WS2812_Custom/ws2812_Interface.v:67)
[EFX-0010 VERI-ERROR] 'state' is not declared (VERI-1128) (/home/tejas/Downloads/efinity/2023.2/project/WS2812_Custom/ws2812_Interface.v:74)
[EFX-0010 VERI-ERROR] 'state' is not declared (VERI-1128) (/home/tejas/Downloads/efinity/2023.2/project/WS2812_Custom/ws2812_Interface.v:76)
[EFX-0010 VERI-ERROR] 'state' is not declared (VERI-1128) (/home/tejas/Downloads/efinity/2023.2/project/WS2812_Custom/ws2812_Interface.v:88)
[EFX-0010 VERI-ERROR] 'state' is not declared (VERI-1128) (/home/tejas/Downloads/efinity/2023.2/project/WS2812_Custom/ws2812_Interface.v:96)
[EFX-0010 VERI-ERROR] 'state' is not declared (VERI-1128) (/home/tejas/Downloads/efinity/2023.2/project/WS2812_Custom/ws2812_Interface.v:107)
[EFX-0010 VERI-ERROR] 'state' is not declared (VERI-1128) (/home/tejas/Downloads/efinity/2023.2/project/WS2812_Custom/ws2812_Interface.v:117)
[EFX-0010 VERI-ERROR] 'state' is not declared (VERI-1128) (/home/tejas/Downloads/efinity/2023.2/project/WS2812_Custom/ws2812_Interface.v:119)
[EFX-0010 VERI-ERROR] 'state' is not declared (VERI-1128) (/home/tejas/Downloads/efinity/2023.2/project/WS2812_Custom/ws2812_Interface.v:131)
[EFX-0010 VERI-ERROR] 'state' is not declared (VERI-1128) (/home/tejas/Downloads/efinity/2023.2/project/WS2812_Custom/ws2812_Interface.v:140)
[EFX-0010 VERI-ERROR] module 'WS2812_Interface' is ignored due to previous errors (VERI-1072) (/home/tejas/Downloads/efinity/2023.2/project/WS2812_Custom/ws2812_Interface.v:148)

///////////////////////////////////
// Efinity Synthesis Started 
// Jun 18, 2024 16:03:17
///////////////////////////////////

