
Efinix FPGA Bitstream Generator.
Version: 2023.2.307 
Copyright (C) 2013 - 2023 Efinix, Inc. All rights reserved.

Compiled: Dec 15 2023.

Using source file "/home/tejas/Downloads/efinity/2023.2/project/WS2812_Custom/work_pnr/WS2812_Custom.lbf"
Generating HEX programming file for device "T120F324", family "Trion"
Using periphery source file "/home/tejas/Downloads/efinity/2023.2/project/WS2812_Custom/outflow/WS2812_Custom.lpf"
Generating bit file: "/home/tejas/Downloads/efinity/2023.2/project/WS2812_Custom/outflow/WS2812_Custom.bit"
HEX Generation Options Summary:
	Listing options specified to bitstream generation:
	spi_low_power_mode                       = on
	oscillator_clock_divider                 = DIV8
	io_weak_pullup                           = on
	release_tri_then_reset                   = on
Finished generating "/home/tejas/Downloads/efinity/2023.2/project/WS2812_Custom/outflow/WS2812_Custom.hex"
Efinity Bitstream Generator took 6.49656 seconds.
	Efinity Bitstream Generator took 6.15 seconds (approximately) in total CPU time.
Efinity Bitstream Generator virtual memory usage: begin = 57.024 MB, end = 196.044 MB, delta = 139.02 MB
Efinity Bitstream Generator resident set memory usage: begin = 7.296 MB, end = 146.12 MB, delta = 138.824 MB
	Efinity Bitstream Generator peak resident set memory usage = 1406.36 MB
